-- Found ament_cmake: 1.3.12 (/opt/ros/humble/share/ament_cmake/cmake)
-- Found rclcpp: 16.0.16 (/opt/ros/humble/share/rclcpp/cmake)
-- Found rosidl_generator_c: 3.1.7 (/opt/ros/humble/share/rosidl_generator_c/cmake)
-- Found rosidl_adapter: 3.1.7 (/opt/ros/humble/share/rosidl_adapter/cmake)
-- Found rosidl_generator_cpp: 3.1.7 (/opt/ros/humble/share/rosidl_generator_cpp/cmake)
-- Using all available rosidl_typesupport_c: rosidl_typesupport_fastrtps_c;rosidl_typesupport_introspection_c
-- Using all available rosidl_typesupport_cpp: rosidl_typesupport_fastrtps_cpp;rosidl_typesupport_introspection_cpp
-- Found rmw_implementation_cmake: 6.1.2 (/opt/ros/humble/share/rmw_implementation_cmake/cmake)
-- Found rmw_fastrtps_cpp: 6.2.9 (/opt/ros/humble/share/rmw_fastrtps_cpp/cmake)
-- Using RMW implementation 'rmw_fastrtps_cpp' as default
-- Found sysmonitor_interfaces: 0.0.0 (/home/uninacorse/ex2_ws/install/sysmonitor_interfaces/share/sysmonitor_interfaces/cmake)
-- Found ament_lint_auto: 0.12.14 (/opt/ros/humble/share/ament_lint_auto/cmake)
-- Added test 'cppcheck' to perform static code analysis on C / C++ code
-- Configured cppcheck include dirs: /home/uninacorse/ex2_ws/src/EX2/fault_detection/include
-- Configured cppcheck exclude dirs and/or files: 
-- Added test 'lint_cmake' to check CMake code style
-- Added test 'uncrustify' to check C / C++ code style
-- Configured uncrustify additional arguments: 
-- Added test 'xmllint' to check XML markup files
-- Configuring done
-- Generating done
-- Build files have been written to: /home/uninacorse/ex2_ws/build/fault_detection
[ 50%] [32mBuilding CXX object CMakeFiles/challenge2.dir/src/main.cpp.o[0m
[01m[K/home/uninacorse/ex2_ws/src/EX2/fault_detection/src/main.cpp:7:28:[m[K [01;31m[Kerror: [m[Kexpected â€˜[01m[K;[m[Kâ€™ before â€˜[01m[Kclass[m[Kâ€™
    7 | using std::placeholders::_1
      |                            [01;31m[K^[m[K
      |                            [32m[K;[m[K
    8 | 
    9 | [32m[Kclass[m[K MinimalSubscriber : public rclcpp::Node
      | [32m[K~~~~~[m[K                       
[01m[K/home/uninacorse/ex2_ws/src/EX2/fault_detection/src/main.cpp:12:23:[m[K [01;31m[Kerror: [m[Kexpected â€˜[01m[K;[m[Kâ€™ at end of member declaration
   12 |     MinimalSubscriber([01;31m[K)[m[K
      |                       [01;31m[K^[m[K
      |                        [32m[K;[m[K
[01m[K/home/uninacorse/ex2_ws/src/EX2/fault_detection/src/main.cpp:13:11:[m[K [01;31m[Kerror: [m[Kexpected unqualified-id before string constant
   13 |      Node([01;31m[K"minimal_subscriber"[m[K)
      |           [01;31m[K^~~~~~~~~~~~~~~~~~~~[m[K
[01m[K/home/uninacorse/ex2_ws/src/EX2/fault_detection/src/main.cpp:13:11:[m[K [01;31m[Kerror: [m[Kexpected â€˜[01m[K)[m[Kâ€™ before string constant
   13 |      Node[34m[K([m[K[01;31m[K"[m[K[32m[Kminimal_subscriber"[m[K)
      |          [34m[K~[m[K[01;31m[K^[m[K[32m[K~~~~~~~~~~~~~~~~~~~[m[K
      |           [32m[K)[m[K
gmake[2]: *** [CMakeFiles/challenge2.dir/build.make:76: CMakeFiles/challenge2.dir/src/main.cpp.o] Errore 1
gmake[1]: *** [CMakeFiles/Makefile2:137: CMakeFiles/challenge2.dir/all] Errore 2
gmake: *** [Makefile:146: all] Errore 2
