[0.010s] Invoking command in '/home/uninacorse/ex2_ws/build/fault_detection': AMENT_PREFIX_PATH=/home/uninacorse/ex2_ws/install/sysmonitor_interfaces:${AMENT_PREFIX_PATH} CMAKE_PREFIX_PATH=/home/uninacorse/ex2_ws/install/sysmonitor_interfaces:/opt/ros/humble LD_LIBRARY_PATH=/home/uninacorse/ex2_ws/install/sysmonitor_interfaces/lib:${LD_LIBRARY_PATH} PYTHONPATH=/home/uninacorse/ex2_ws/install/sysmonitor_interfaces/local/lib/python3.10/dist-packages:${PYTHONPATH} /usr/bin/cmake /home/uninacorse/ex2_ws/src/EX2/fault_detection -DCMAKE_INSTALL_PREFIX=/home/uninacorse/ex2_ws/install/fault_detection
[0.025s] -- Found ament_cmake: 1.3.12 (/opt/ros/humble/share/ament_cmake/cmake)
[0.158s] -- Found rclcpp: 16.0.16 (/opt/ros/humble/share/rclcpp/cmake)
[0.184s] -- Found rosidl_generator_c: 3.1.7 (/opt/ros/humble/share/rosidl_generator_c/cmake)
[0.186s] -- Found rosidl_adapter: 3.1.7 (/opt/ros/humble/share/rosidl_adapter/cmake)
[0.192s] -- Found rosidl_generator_cpp: 3.1.7 (/opt/ros/humble/share/rosidl_generator_cpp/cmake)
[0.200s] -- Using all available rosidl_typesupport_c: rosidl_typesupport_fastrtps_c;rosidl_typesupport_introspection_c
[0.212s] -- Using all available rosidl_typesupport_cpp: rosidl_typesupport_fastrtps_cpp;rosidl_typesupport_introspection_cpp
[0.250s] -- Found rmw_implementation_cmake: 6.1.2 (/opt/ros/humble/share/rmw_implementation_cmake/cmake)
[0.250s] -- Found rmw_fastrtps_cpp: 6.2.9 (/opt/ros/humble/share/rmw_fastrtps_cpp/cmake)
[0.345s] -- Using RMW implementation 'rmw_fastrtps_cpp' as default
[0.393s] -- Found sysmonitor_interfaces: 0.0.0 (/home/uninacorse/ex2_ws/install/sysmonitor_interfaces/share/sysmonitor_interfaces/cmake)
[0.404s] -- Found ament_lint_auto: 0.12.14 (/opt/ros/humble/share/ament_lint_auto/cmake)
[0.480s] -- Added test 'cppcheck' to perform static code analysis on C / C++ code
[0.480s] -- Configured cppcheck include dirs: /home/uninacorse/ex2_ws/src/EX2/fault_detection/include
[0.480s] -- Configured cppcheck exclude dirs and/or files: 
[0.481s] -- Added test 'lint_cmake' to check CMake code style
[0.482s] -- Added test 'uncrustify' to check C / C++ code style
[0.482s] -- Configured uncrustify additional arguments: 
[0.483s] -- Added test 'xmllint' to check XML markup files
[0.484s] -- Configuring done
[0.493s] -- Generating done
[0.496s] -- Build files have been written to: /home/uninacorse/ex2_ws/build/fault_detection
[0.503s] Invoked command in '/home/uninacorse/ex2_ws/build/fault_detection' returned '0': AMENT_PREFIX_PATH=/home/uninacorse/ex2_ws/install/sysmonitor_interfaces:${AMENT_PREFIX_PATH} CMAKE_PREFIX_PATH=/home/uninacorse/ex2_ws/install/sysmonitor_interfaces:/opt/ros/humble LD_LIBRARY_PATH=/home/uninacorse/ex2_ws/install/sysmonitor_interfaces/lib:${LD_LIBRARY_PATH} PYTHONPATH=/home/uninacorse/ex2_ws/install/sysmonitor_interfaces/local/lib/python3.10/dist-packages:${PYTHONPATH} /usr/bin/cmake /home/uninacorse/ex2_ws/src/EX2/fault_detection -DCMAKE_INSTALL_PREFIX=/home/uninacorse/ex2_ws/install/fault_detection
[0.506s] Invoking command in '/home/uninacorse/ex2_ws/build/fault_detection': AMENT_PREFIX_PATH=/home/uninacorse/ex2_ws/install/sysmonitor_interfaces:${AMENT_PREFIX_PATH} CMAKE_PREFIX_PATH=/home/uninacorse/ex2_ws/install/sysmonitor_interfaces:/opt/ros/humble LD_LIBRARY_PATH=/home/uninacorse/ex2_ws/install/sysmonitor_interfaces/lib:${LD_LIBRARY_PATH} PYTHONPATH=/home/uninacorse/ex2_ws/install/sysmonitor_interfaces/local/lib/python3.10/dist-packages:${PYTHONPATH} /usr/bin/cmake --build /home/uninacorse/ex2_ws/build/fault_detection -- -j4 -l4
[0.557s] [ 50%] [32mBuilding CXX object CMakeFiles/challenge2.dir/src/main.cpp.o[0m
[3.027s] [01m[K/home/uninacorse/ex2_ws/src/EX2/fault_detection/src/main.cpp:7:28:[m[K [01;31m[Kerror: [m[Kexpected â€˜[01m[K;[m[Kâ€™ before â€˜[01m[Kclass[m[Kâ€™
[3.028s]     7 | using std::placeholders::_1
[3.028s]       |                            [01;31m[K^[m[K
[3.029s]       |                            [32m[K;[m[K
[3.029s]     8 | 
[3.029s]     9 | [32m[Kclass[m[K MinimalSubscriber : public rclcpp::Node
[3.029s]       | [32m[K~~~~~[m[K                       
[3.029s] [01m[K/home/uninacorse/ex2_ws/src/EX2/fault_detection/src/main.cpp:12:23:[m[K [01;31m[Kerror: [m[Kexpected â€˜[01m[K;[m[Kâ€™ at end of member declaration
[3.029s]    12 |     MinimalSubscriber([01;31m[K)[m[K
[3.029s]       |                       [01;31m[K^[m[K
[3.029s]       |                        [32m[K;[m[K
[3.029s] [01m[K/home/uninacorse/ex2_ws/src/EX2/fault_detection/src/main.cpp:13:11:[m[K [01;31m[Kerror: [m[Kexpected unqualified-id before string constant
[3.029s]    13 |      Node([01;31m[K"minimal_subscriber"[m[K)
[3.029s]       |           [01;31m[K^~~~~~~~~~~~~~~~~~~~[m[K
[3.029s] [01m[K/home/uninacorse/ex2_ws/src/EX2/fault_detection/src/main.cpp:13:11:[m[K [01;31m[Kerror: [m[Kexpected â€˜[01m[K)[m[Kâ€™ before string constant
[3.029s]    13 |      Node[34m[K([m[K[01;31m[K"[m[K[32m[Kminimal_subscriber"[m[K)
[3.029s]       |          [34m[K~[m[K[01;31m[K^[m[K[32m[K~~~~~~~~~~~~~~~~~~~[m[K
[3.029s]       |           [32m[K)[m[K
[3.507s] gmake[2]: *** [CMakeFiles/challenge2.dir/build.make:76: CMakeFiles/challenge2.dir/src/main.cpp.o] Errore 1
[3.507s] gmake[1]: *** [CMakeFiles/Makefile2:137: CMakeFiles/challenge2.dir/all] Errore 2
[3.507s] gmake: *** [Makefile:146: all] Errore 2
[3.509s] Invoked command in '/home/uninacorse/ex2_ws/build/fault_detection' returned '2': AMENT_PREFIX_PATH=/home/uninacorse/ex2_ws/install/sysmonitor_interfaces:${AMENT_PREFIX_PATH} CMAKE_PREFIX_PATH=/home/uninacorse/ex2_ws/install/sysmonitor_interfaces:/opt/ros/humble LD_LIBRARY_PATH=/home/uninacorse/ex2_ws/install/sysmonitor_interfaces/lib:${LD_LIBRARY_PATH} PYTHONPATH=/home/uninacorse/ex2_ws/install/sysmonitor_interfaces/local/lib/python3.10/dist-packages:${PYTHONPATH} /usr/bin/cmake --build /home/uninacorse/ex2_ws/build/fault_detection -- -j4 -l4
